2025-09-20 11:09:59,644 - INFO - Initial logging setup - logs/volatility_trading_20250920_110959.log
2025-09-20 11:09:59,645 - INFO - Checking case status...
2025-09-20 11:09:59,647 - DEBUG - Starting new HTTP connection (1): localhost:9999
2025-09-20 11:10:02,052 - ERROR - Error checking case status: ('Connection aborted.', ConnectionResetError(10054, 'An existing connection was forcibly closed by the remote host', None, 10054, None))
2025-09-20 11:10:02,052 - INFO - Case not yet active (status: ERROR, tick: 0)
2025-09-20 11:10:02,053 - INFO - Waiting for case to start...
2025-09-20 11:10:04,056 - DEBUG - Starting new HTTP connection (2): localhost:9999
2025-09-20 11:10:06,719 - DEBUG - http://localhost:9999 "GET /v1/case HTTP/1.1" 401 54
2025-09-20 11:10:06,719 - ERROR - Failed to get case status: 401
2025-09-20 11:10:06,720 - INFO - Still waiting... (status: ERROR, tick: 0)
2025-09-20 11:10:08,724 - DEBUG - http://localhost:9999 "GET /v1/case HTTP/1.1" 401 54
2025-09-20 11:10:08,725 - ERROR - Failed to get case status: 401
2025-09-20 11:10:08,726 - INFO - Still waiting... (status: ERROR, tick: 0)
2025-09-20 11:10:10,729 - DEBUG - http://localhost:9999 "GET /v1/case HTTP/1.1" 401 54
2025-09-20 11:10:10,730 - ERROR - Failed to get case status: 401
2025-09-20 11:10:10,730 - INFO - Still waiting... (status: ERROR, tick: 0)
2025-09-20 11:10:12,734 - DEBUG - http://localhost:9999 "GET /v1/case HTTP/1.1" 401 54
2025-09-20 11:10:12,735 - ERROR - Failed to get case status: 401
2025-09-20 11:10:12,737 - INFO - Still waiting... (status: ERROR, tick: 0)
2025-09-20 11:10:14,742 - DEBUG - http://localhost:9999 "GET /v1/case HTTP/1.1" 401 54
2025-09-20 11:10:14,743 - ERROR - Failed to get case status: 401
2025-09-20 11:10:14,744 - INFO - Still waiting... (status: ERROR, tick: 0)
2025-09-20 11:10:16,750 - DEBUG - http://localhost:9999 "GET /v1/case HTTP/1.1" 401 54
2025-09-20 11:10:16,751 - ERROR - Failed to get case status: 401
2025-09-20 11:10:16,752 - INFO - Still waiting... (status: ERROR, tick: 0)
2025-09-20 11:10:18,755 - DEBUG - http://localhost:9999 "GET /v1/case HTTP/1.1" 401 54
2025-09-20 11:10:18,756 - ERROR - Failed to get case status: 401
2025-09-20 11:10:18,756 - INFO - Still waiting... (status: ERROR, tick: 0)
2025-09-20 11:10:20,760 - DEBUG - http://localhost:9999 "GET /v1/case HTTP/1.1" 401 54
2025-09-20 11:10:20,761 - ERROR - Failed to get case status: 401
2025-09-20 11:10:20,761 - INFO - Still waiting... (status: ERROR, tick: 0)
2025-09-20 11:10:22,765 - DEBUG - http://localhost:9999 "GET /v1/case HTTP/1.1" 401 54
2025-09-20 11:10:22,765 - ERROR - Failed to get case status: 401
2025-09-20 11:10:22,766 - INFO - Still waiting... (status: ERROR, tick: 0)
2025-09-20 11:10:24,770 - DEBUG - http://localhost:9999 "GET /v1/case HTTP/1.1" 401 54
2025-09-20 11:10:24,771 - ERROR - Failed to get case status: 401
2025-09-20 11:10:24,771 - INFO - Still waiting... (status: ERROR, tick: 0)
2025-09-20 11:10:26,774 - DEBUG - http://localhost:9999 "GET /v1/case HTTP/1.1" 401 54
2025-09-20 11:10:26,775 - ERROR - Failed to get case status: 401
2025-09-20 11:10:26,776 - INFO - Still waiting... (status: ERROR, tick: 0)
2025-09-20 11:10:28,779 - DEBUG - http://localhost:9999 "GET /v1/case HTTP/1.1" 401 54
2025-09-20 11:10:28,780 - ERROR - Failed to get case status: 401
2025-09-20 11:10:28,781 - INFO - Still waiting... (status: ERROR, tick: 0)
2025-09-20 11:10:30,783 - DEBUG - http://localhost:9999 "GET /v1/case HTTP/1.1" 401 54
2025-09-20 11:10:30,783 - ERROR - Failed to get case status: 401
2025-09-20 11:10:30,784 - INFO - Still waiting... (status: ERROR, tick: 0)
2025-09-20 11:10:32,787 - DEBUG - http://localhost:9999 "GET /v1/case HTTP/1.1" 401 54
2025-09-20 11:10:32,788 - ERROR - Failed to get case status: 401
2025-09-20 11:10:32,788 - INFO - Still waiting... (status: ERROR, tick: 0)
2025-09-20 11:10:34,793 - DEBUG - http://localhost:9999 "GET /v1/case HTTP/1.1" 401 54
2025-09-20 11:10:34,795 - ERROR - Failed to get case status: 401
2025-09-20 11:10:34,797 - INFO - Still waiting... (status: ERROR, tick: 0)
2025-09-20 11:10:36,801 - DEBUG - http://localhost:9999 "GET /v1/case HTTP/1.1" 401 54
2025-09-20 11:10:36,802 - ERROR - Failed to get case status: 401
2025-09-20 11:10:36,803 - INFO - Still waiting... (status: ERROR, tick: 0)
2025-09-20 11:10:38,819 - DEBUG - http://localhost:9999 "GET /v1/case HTTP/1.1" 401 54
2025-09-20 11:10:38,820 - ERROR - Failed to get case status: 401
2025-09-20 11:10:38,870 - INFO - Still waiting... (status: ERROR, tick: 0)
2025-09-20 11:10:40,875 - DEBUG - http://localhost:9999 "GET /v1/case HTTP/1.1" 401 54
2025-09-20 11:10:40,876 - ERROR - Failed to get case status: 401
2025-09-20 11:10:40,876 - INFO - Still waiting... (status: ERROR, tick: 0)
2025-09-20 11:10:42,883 - DEBUG - http://localhost:9999 "GET /v1/case HTTP/1.1" 401 54
2025-09-20 11:10:42,885 - ERROR - Failed to get case status: 401
2025-09-20 11:10:42,886 - INFO - Still waiting... (status: ERROR, tick: 0)
2025-09-20 11:10:44,891 - DEBUG - http://localhost:9999 "GET /v1/case HTTP/1.1" 401 54
2025-09-20 11:10:44,892 - ERROR - Failed to get case status: 401
2025-09-20 11:10:44,893 - INFO - Still waiting... (status: ERROR, tick: 0)
2025-09-20 11:10:46,897 - DEBUG - http://localhost:9999 "GET /v1/case HTTP/1.1" 401 54
2025-09-20 11:10:46,898 - ERROR - Failed to get case status: 401
2025-09-20 11:10:46,899 - INFO - Still waiting... (status: ERROR, tick: 0)
2025-09-20 11:10:48,905 - DEBUG - http://localhost:9999 "GET /v1/case HTTP/1.1" 401 54
2025-09-20 11:10:48,906 - ERROR - Failed to get case status: 401
2025-09-20 11:10:48,907 - INFO - Still waiting... (status: ERROR, tick: 0)
2025-09-20 11:10:50,912 - DEBUG - http://localhost:9999 "GET /v1/case HTTP/1.1" 401 54
2025-09-20 11:10:50,913 - ERROR - Failed to get case status: 401
2025-09-20 11:10:50,913 - INFO - Still waiting... (status: ERROR, tick: 0)
2025-09-20 11:10:52,949 - DEBUG - http://localhost:9999 "GET /v1/case HTTP/1.1" 401 54
2025-09-20 11:10:52,953 - ERROR - Failed to get case status: 401
2025-09-20 11:10:52,955 - INFO - Still waiting... (status: ERROR, tick: 0)
2025-09-20 11:10:54,962 - DEBUG - http://localhost:9999 "GET /v1/case HTTP/1.1" 401 54
2025-09-20 11:10:54,963 - ERROR - Failed to get case status: 401
2025-09-20 11:10:54,964 - INFO - Still waiting... (status: ERROR, tick: 0)
2025-09-20 11:10:56,968 - DEBUG - http://localhost:9999 "GET /v1/case HTTP/1.1" 401 54
2025-09-20 11:10:56,969 - ERROR - Failed to get case status: 401
2025-09-20 11:10:56,970 - INFO - Still waiting... (status: ERROR, tick: 0)
2025-09-20 11:10:58,976 - DEBUG - http://localhost:9999 "GET /v1/case HTTP/1.1" 401 54
2025-09-20 11:10:58,979 - ERROR - Failed to get case status: 401
2025-09-20 11:10:58,980 - INFO - Still waiting... (status: ERROR, tick: 0)
2025-09-20 11:11:00,985 - DEBUG - http://localhost:9999 "GET /v1/case HTTP/1.1" 401 54
2025-09-20 11:11:00,986 - ERROR - Failed to get case status: 401
2025-09-20 11:11:00,987 - INFO - Still waiting... (status: ERROR, tick: 0)
2025-09-20 11:11:02,991 - DEBUG - http://localhost:9999 "GET /v1/case HTTP/1.1" 401 54
2025-09-20 11:11:02,992 - ERROR - Failed to get case status: 401
2025-09-20 11:11:02,992 - INFO - Still waiting... (status: ERROR, tick: 0)
2025-09-20 11:11:05,008 - DEBUG - http://localhost:9999 "GET /v1/case HTTP/1.1" 200 153
2025-09-20 11:11:05,009 - INFO - Still waiting... (status: STOPPED, tick: 0)
2025-09-20 11:11:07,013 - DEBUG - http://localhost:9999 "GET /v1/case HTTP/1.1" 200 153
2025-09-20 11:11:07,014 - INFO - Still waiting... (status: STOPPED, tick: 0)
2025-09-20 11:11:09,018 - DEBUG - http://localhost:9999 "GET /v1/case HTTP/1.1" 200 153
2025-09-20 11:11:09,019 - INFO - Still waiting... (status: STOPPED, tick: 0)
2025-09-20 11:11:11,023 - DEBUG - http://localhost:9999 "GET /v1/case HTTP/1.1" 200 153
2025-09-20 11:11:11,024 - INFO - Still waiting... (status: STOPPED, tick: 0)
2025-09-20 11:11:13,030 - DEBUG - http://localhost:9999 "GET /v1/case HTTP/1.1" 200 153
2025-09-20 11:11:13,031 - INFO - Still waiting... (status: STOPPED, tick: 0)
2025-09-20 11:11:15,037 - DEBUG - http://localhost:9999 "GET /v1/case HTTP/1.1" 200 153
2025-09-20 11:11:15,039 - INFO - Still waiting... (status: STOPPED, tick: 0)
2025-09-20 11:11:17,045 - DEBUG - http://localhost:9999 "GET /v1/case HTTP/1.1" 200 153
2025-09-20 11:11:17,046 - INFO - Still waiting... (status: STOPPED, tick: 0)
2025-09-20 11:11:17,448 - INFO - Shutdown signal received
